<?xml version="1.0" encoding="UTF-8"?>
<testsuite name="com.suntime.study.StudyApplicationTests" tests="1" skipped="0" failures="0" errors="0" timestamp="2024-05-18T23:41:14" hostname="gimdong-wan-ui-MacBookPro.local" time="0.393">
  <properties/>
  <testcase name="contextLoads()" classname="com.suntime.study.StudyApplicationTests" time="0.393"/>
  <system-out><![CDATA[08:41:11.822 [Test worker] INFO org.springframework.test.context.support.AnnotationConfigContextLoaderUtils -- Could not detect default configuration classes for test class [com.suntime.study.StudyApplicationTests]: StudyApplicationTests does not declare any static, non-private, non-final, nested classes annotated with @Configuration.
08:41:11.878 [Test worker] INFO org.springframework.boot.test.context.SpringBootTestContextBootstrapper -- Found @SpringBootConfiguration com.suntime.study.StudyApplication for test class com.suntime.study.StudyApplicationTests

  .   ____          _            __ _ _
 /\\ / ___'_ __ _ _(_)_ __  __ _ \ \ \ \
( ( )\___ | '_ | '_| | '_ \/ _` | \ \ \ \
 \\/  ___)| |_)| | | | | || (_| |  ) ) ) )
  '  |____| .__|_| |_|_| |_\__, | / / / /
 =========|_|==============|___/=/_/_/_/
 :: Spring Boot ::                (v3.2.3)

2024-05-19T08:41:12.109+09:00  INFO 29381 --- [    Test worker] c.suntime.study.StudyApplicationTests    : Starting StudyApplicationTests using Java 21.0.2 with PID 29381 (started by gimdong-wan in /Users/gimdong-wan/Desktop/project_0417-0406_todo)
2024-05-19T08:41:12.110+09:00  INFO 29381 --- [    Test worker] c.suntime.study.StudyApplicationTests    : No active profile set, falling back to 1 default profile: "default"
2024-05-19T08:41:12.532+09:00  INFO 29381 --- [    Test worker] .s.d.r.c.RepositoryConfigurationDelegate : Bootstrapping Spring Data JPA repositories in DEFAULT mode.
2024-05-19T08:41:12.564+09:00  INFO 29381 --- [    Test worker] .s.d.r.c.RepositoryConfigurationDelegate : Finished Spring Data repository scanning in 28 ms. Found 4 JPA repository interfaces.
2024-05-19T08:41:12.873+09:00  INFO 29381 --- [    Test worker] o.hibernate.jpa.internal.util.LogHelper  : HHH000204: Processing PersistenceUnitInfo [name: default]
2024-05-19T08:41:12.906+09:00  INFO 29381 --- [    Test worker] org.hibernate.Version                    : HHH000412: Hibernate ORM core version 6.4.4.Final
2024-05-19T08:41:12.926+09:00  INFO 29381 --- [    Test worker] o.h.c.internal.RegionFactoryInitiator    : HHH000026: Second-level cache disabled
2024-05-19T08:41:13.059+09:00  INFO 29381 --- [    Test worker] o.s.o.j.p.SpringPersistenceUnitInfo      : No LoadTimeWeaver setup: ignoring JPA class transformer
2024-05-19T08:41:13.079+09:00  INFO 29381 --- [    Test worker] com.zaxxer.hikari.HikariDataSource       : HikariPool-1 - Starting...
2024-05-19T08:41:13.151+09:00  INFO 29381 --- [    Test worker] com.zaxxer.hikari.pool.HikariPool        : HikariPool-1 - Added connection org.mariadb.jdbc.Connection@60f662bd
2024-05-19T08:41:13.152+09:00  INFO 29381 --- [    Test worker] com.zaxxer.hikari.HikariDataSource       : HikariPool-1 - Start completed.
2024-05-19T08:41:13.179+09:00  WARN 29381 --- [    Test worker] org.hibernate.dialect.Dialect            : HHH000511: The 8.3.0 version for [org.hibernate.dialect.MariaDBDialect] is no longer supported, hence certain features may not work properly. The minimum supported version is 10.4.0. Check the community dialects project for available legacy versions.
2024-05-19T08:41:13.771+09:00  INFO 29381 --- [    Test worker] o.h.e.t.j.p.i.JtaPlatformInitiator       : HHH000489: No JTA platform available (set 'hibernate.transaction.jta.platform' to enable JTA platform integration)
2024-05-19T08:41:13.821+09:00  INFO 29381 --- [    Test worker] j.LocalContainerEntityManagerFactoryBean : Initialized JPA EntityManagerFactory for persistence unit 'default'
2024-05-19T08:41:14.147+09:00  WARN 29381 --- [    Test worker] .s.s.UserDetailsServiceAutoConfiguration : 

Using generated security password: 433c2d26-e884-48f4-9f6a-94e47aea0b05

This generated password is for development use only. Your security configuration must be updated before running your application in production.

2024-05-19T08:41:14.207+09:00  INFO 29381 --- [    Test worker] o.s.b.a.w.s.WelcomePageHandlerMapping    : Adding welcome page template: index
2024-05-19T08:41:14.333+09:00  INFO 29381 --- [    Test worker] o.s.s.web.DefaultSecurityFilterChain     : Will secure any request with [org.springframework.security.web.session.DisableEncodeUrlFilter@3328db4f, org.springframework.security.web.context.request.async.WebAsyncManagerIntegrationFilter@4f9e9c21, org.springframework.security.web.context.SecurityContextHolderFilter@62ff3028, org.springframework.security.web.header.HeaderWriterFilter@26d02dc6, org.springframework.web.filter.CorsFilter@1390a43a, org.springframework.security.web.authentication.logout.LogoutFilter@2a738d47, org.springframework.security.web.savedrequest.RequestCacheAwareFilter@5fb0a09e, org.springframework.security.web.servletapi.SecurityContextHolderAwareRequestFilter@434a2a10, org.springframework.security.web.authentication.AnonymousAuthenticationFilter@7bf2e475, org.springframework.security.web.access.ExceptionTranslationFilter@32eac39b]
2024-05-19T08:41:14.567+09:00  INFO 29381 --- [    Test worker] c.suntime.study.StudyApplicationTests    : Started StudyApplicationTests in 2.607 seconds (process running for 3.318)
]]></system-out>
  <system-err><![CDATA[WARNING: A Java agent has been loaded dynamically (/Users/gimdong-wan/.gradle/caches/modules-2/files-2.1/net.bytebuddy/byte-buddy-agent/1.14.12/be4984cb6fd1ef1d11f218a648889dfda44b8a15/byte-buddy-agent-1.14.12.jar)
WARNING: If a serviceability tool is in use, please run with -XX:+EnableDynamicAgentLoading to hide this warning
WARNING: If a serviceability tool is not in use, please run with -Djdk.instrument.traceUsage for more information
WARNING: Dynamic loading of agents will be disallowed by default in a future release
]]></system-err>
</testsuite>
